# JRE version: Java(TM) SE Runtime Environment (8.0_111-b14) (build 1.8.0_111-b14)
# Java VM: Java HotSpot(TM) 64-Bit Server VM (25.111-b14 mixed mode linux-amd64 compressed oops)
Heap:
 par new generation   total 78656K, used 51768K [0x00000000c0000000, 0x00000000c5550000, 0x00000000d5550000)
  eden space 69952K,  73% used [0x00000000c0000000, 0x00000000c327be80, 0x00000000c4450000)
  from space 8704K,   0% used [0x00000000c4cd0000, 0x00000000c4ce2568, 0x00000000c5550000)
  to   space 8704K,   0% used [0x00000000c4450000, 0x00000000c4450000, 0x00000000c4cd0000)
 concurrent mark-sweep generation total 174784K, used 111820K [0x00000000d5550000, 0x00000000e0000000, 0x0000000100000000)
 Metaspace       used 56203K, capacity 59854K, committed 59964K, reserved 1099776K
  class space    used 9111K, capacity 10279K, committed 10372K, reserved 1048576K
GC Heap History (10 events):
Event: 8454.951 GC heap before
{Heap before GC invocations=256 (full 2):
 par new generation   total 78656K, used 70018K [0x00000000c0000000, 0x00000000c5550000, 0x00000000d5550000)
  eden space 69952K, 100% used [0x00000000c0000000, 0x00000000c4450000, 0x00000000c4450000)
  from space 8704K,   0% used [0x00000000c4450000, 0x00000000c4460aa8, 0x00000000c4cd0000)
  to   space 8704K,   0% used [0x00000000c4cd0000, 0x00000000c4cd0000, 0x00000000c5550000)
 concurrent mark-sweep generation total 174784K, used 111820K [0x00000000d5550000, 0x00000000e0000000, 0x0000000100000000)
 Metaspace       used 56203K, capacity 59854K, committed 59964K, reserved 1099776K
  class space    used 9111K, capacity 10279K, committed 10372K, reserved 1048576K
Event: 8454.981 GC heap after
Heap after GC invocations=257 (full 2):
 par new generation   total 78656K, used 66K [0x00000000c0000000, 0x00000000c5550000, 0x00000000d5550000)
  eden space 69952K,   0% used [0x00000000c0000000, 0x00000000c0000000, 0x00000000c4450000)
  from space 8704K,   0% used [0x00000000c4cd0000, 0x00000000c4ce0828, 0x00000000c5550000)
  to   space 8704K,   0% used [0x00000000c4450000, 0x00000000c4450000, 0x00000000c4cd0000)
 concurrent mark-sweep generation total 174784K, used 111820K [0x00000000d5550000, 0x00000000e0000000, 0x0000000100000000)
 Metaspace       used 56203K, capacity 59854K, committed 59964K, reserved 1099776K
  class space    used 9111K, capacity 10279K, committed 10372K, reserved 1048576K
}
Event: 8489.753 GC heap before
{Heap before GC invocations=257 (full 2):
 par new generation   total 78656K, used 70018K [0x00000000c0000000, 0x00000000c5550000, 0x00000000d5550000)
  eden space 69952K, 100% used [0x00000000c0000000, 0x00000000c4450000, 0x00000000c4450000)
  from space 8704K,   0% used [0x00000000c4cd0000, 0x00000000c4ce0828, 0x00000000c5550000)
  to   space 8704K,   0% used [0x00000000c4450000, 0x00000000c4450000, 0x00000000c4cd0000)
 concurrent mark-sweep generation total 174784K, used 111820K [0x00000000d5550000, 0x00000000e0000000, 0x0000000100000000)
 Metaspace       used 56203K, capacity 59854K, committed 59964K, reserved 1099776K
  class space    used 9111K, capacity 10279K, committed 10372K, reserved 1048576K
Event: 8489.764 GC heap after
Heap after GC invocations=258 (full 2):
 par new generation   total 78656K, used 77K [0x00000000c0000000, 0x00000000c5550000, 0x00000000d5550000)
  eden space 69952K,   0% used [0x00000000c0000000, 0x00000000c0000000, 0x00000000c4450000)
  from space 8704K,   0% used [0x00000000c4450000, 0x00000000c44637a8, 0x00000000c4cd0000)
  to   space 8704K,   0% used [0x00000000c4cd0000, 0x00000000c4cd0000, 0x00000000c5550000)
 concurrent mark-sweep generation total 174784K, used 111820K [0x00000000d5550000, 0x00000000e0000000, 0x0000000100000000)
 Metaspace       used 56203K, capacity 59854K, committed 59964K, reserved 1099776K
  class space    used 9111K, capacity 10279K, committed 10372K, reserved 1048576K
}
Event: 8524.491 GC heap before
{Heap before GC invocations=258 (full 2):
 par new generation   total 78656K, used 70029K [0x00000000c0000000, 0x00000000c5550000, 0x00000000d5550000)
  eden space 69952K, 100% used [0x00000000c0000000, 0x00000000c4450000, 0x00000000c4450000)
  from space 8704K,   0% used [0x00000000c4450000, 0x00000000c44637a8, 0x00000000c4cd0000)
  to   space 8704K,   0% used [0x00000000c4cd0000, 0x00000000c4cd0000, 0x00000000c5550000)
 concurrent mark-sweep generation total 174784K, used 111820K [0x00000000d5550000, 0x00000000e0000000, 0x0000000100000000)
 Metaspace       used 56203K, capacity 59854K, committed 59964K, reserved 1099776K
  class space    used 9111K, capacity 10279K, committed 10372K, reserved 1048576K
Event: 8524.498 GC heap after
Heap after GC invocations=259 (full 2):
 par new generation   total 78656K, used 122K [0x00000000c0000000, 0x00000000c5550000, 0x00000000d5550000)
  eden space 69952K,   0% used [0x00000000c0000000, 0x00000000c0000000, 0x00000000c4450000)
  from space 8704K,   1% used [0x00000000c4cd0000, 0x00000000c4ceeb70, 0x00000000c5550000)
  to   space 8704K,   0% used [0x00000000c4450000, 0x00000000c4450000, 0x00000000c4cd0000)
 concurrent mark-sweep generation total 174784K, used 111820K [0x00000000d5550000, 0x00000000e0000000, 0x0000000100000000)
 Metaspace       used 56203K, capacity 59854K, committed 59964K, reserved 1099776K
  class space    used 9111K, capacity 10279K, committed 10372K, reserved 1048576K
}
Event: 8559.549 GC heap before
{Heap before GC invocations=259 (full 2):
 par new generation   total 78656K, used 70074K [0x00000000c0000000, 0x00000000c5550000, 0x00000000d5550000)
  eden space 69952K, 100% used [0x00000000c0000000, 0x00000000c4450000, 0x00000000c4450000)
  from space 8704K,   1% used [0x00000000c4cd0000, 0x00000000c4ceeb70, 0x00000000c5550000)
  to   space 8704K,   0% used [0x00000000c4450000, 0x00000000c4450000, 0x00000000c4cd0000)
 concurrent mark-sweep generation total 174784K, used 111820K [0x00000000d5550000, 0x00000000e0000000, 0x0000000100000000)
 Metaspace       used 56203K, capacity 59854K, committed 59964K, reserved 1099776K
  class space    used 9111K, capacity 10279K, committed 10372K, reserved 1048576K
Event: 8559.555 GC heap after
Heap after GC invocations=260 (full 2):
 par new generation   total 78656K, used 94K [0x00000000c0000000, 0x00000000c5550000, 0x00000000d5550000)
  eden space 69952K,   0% used [0x00000000c0000000, 0x00000000c0000000, 0x00000000c4450000)
  from space 8704K,   1% used [0x00000000c4450000, 0x00000000c4467b08, 0x00000000c4cd0000)
  to   space 8704K,   0% used [0x00000000c4cd0000, 0x00000000c4cd0000, 0x00000000c5550000)
 concurrent mark-sweep generation total 174784K, used 111820K [0x00000000d5550000, 0x00000000e0000000, 0x0000000100000000)
 Metaspace       used 56203K, capacity 59854K, committed 59964K, reserved 1099776K
  class space    used 9111K, capacity 10279K, committed 10372K, reserved 1048576K
}
Event: 8594.246 GC heap before
{Heap before GC invocations=260 (full 2):
 par new generation   total 78656K, used 70046K [0x00000000c0000000, 0x00000000c5550000, 0x00000000d5550000)
  eden space 69952K, 100% used [0x00000000c0000000, 0x00000000c4450000, 0x00000000c4450000)
  from space 8704K,   1% used [0x00000000c4450000, 0x00000000c4467b08, 0x00000000c4cd0000)
  to   space 8704K,   0% used [0x00000000c4cd0000, 0x00000000c4cd0000, 0x00000000c5550000)
 concurrent mark-sweep generation total 174784K, used 111820K [0x00000000d5550000, 0x00000000e0000000, 0x0000000100000000)
 Metaspace       used 56203K, capacity 59854K, committed 59964K, reserved 1099776K
  class space    used 9111K, capacity 10279K, committed 10372K, reserved 1048576K
Event: 8594.252 GC heap after
Heap after GC invocations=261 (full 2):
 par new generation   total 78656K, used 73K [0x00000000c0000000, 0x00000000c5550000, 0x00000000d5550000)
  eden space 69952K,   0% used [0x00000000c0000000, 0x00000000c0000000, 0x00000000c4450000)
  from space 8704K,   0% used [0x00000000c4cd0000, 0x00000000c4ce2568, 0x00000000c5550000)
  to   space 8704K,   0% used [0x00000000c4450000, 0x00000000c4450000, 0x00000000c4cd0000)
 concurrent mark-sweep generation total 174784K, used 111820K [0x00000000d5550000, 0x00000000e0000000, 0x0000000100000000)
 Metaspace       used 56203K, capacity 59854K, committed 59964K, reserved 1099776K
  class space    used 9111K, capacity 10279K, committed 10372K, reserved 1048576K
}

