# JRE version: Java(TM) SE Runtime Environment (8.0_111-b14) (build 1.8.0_111-b14)
# Java VM: Java HotSpot(TM) 64-Bit Server VM (25.111-b14 mixed mode linux-amd64 compressed oops)
Heap:
 par new generation   total 78656K, used 18283K [0x00000000c0000000, 0x00000000c5550000, 0x00000000d5550000)
  eden space 69952K,  26% used [0x00000000c0000000, 0x00000000c11c8b98, 0x00000000c4450000)
  from space 8704K,   0% used [0x00000000c4cd0000, 0x00000000c4ce22b0, 0x00000000c5550000)
  to   space 8704K,   0% used [0x00000000c4450000, 0x00000000c4450000, 0x00000000c4cd0000)
 concurrent mark-sweep generation total 174784K, used 70797K [0x00000000d5550000, 0x00000000e0000000, 0x0000000100000000)
 Metaspace       used 53640K, capacity 57090K, committed 57164K, reserved 1097728K
  class space    used 8771K, capacity 9793K, committed 9832K, reserved 1048576K
GC Heap History (10 events):
Event: 1979.047 GC heap before
{Heap before GC invocations=70 (full 2):
 par new generation   total 78656K, used 70019K [0x00000000c0000000, 0x00000000c5550000, 0x00000000d5550000)
  eden space 69952K, 100% used [0x00000000c0000000, 0x00000000c4450000, 0x00000000c4450000)
  from space 8704K,   0% used [0x00000000c4450000, 0x00000000c4460ed8, 0x00000000c4cd0000)
  to   space 8704K,   0% used [0x00000000c4cd0000, 0x00000000c4cd0000, 0x00000000c5550000)
 concurrent mark-sweep generation total 174784K, used 70796K [0x00000000d5550000, 0x00000000e0000000, 0x0000000100000000)
 Metaspace       used 53521K, capacity 56826K, committed 56908K, reserved 1095680K
  class space    used 8754K, capacity 9759K, committed 9832K, reserved 1048576K
Event: 1979.055 GC heap after
Heap after GC invocations=71 (full 2):
 par new generation   total 78656K, used 61K [0x00000000c0000000, 0x00000000c5550000, 0x00000000d5550000)
  eden space 69952K,   0% used [0x00000000c0000000, 0x00000000c0000000, 0x00000000c4450000)
  from space 8704K,   0% used [0x00000000c4cd0000, 0x00000000c4cdf790, 0x00000000c5550000)
  to   space 8704K,   0% used [0x00000000c4450000, 0x00000000c4450000, 0x00000000c4cd0000)
 concurrent mark-sweep generation total 174784K, used 70796K [0x00000000d5550000, 0x00000000e0000000, 0x0000000100000000)
 Metaspace       used 53521K, capacity 56826K, committed 56908K, reserved 1095680K
  class space    used 8754K, capacity 9759K, committed 9832K, reserved 1048576K
}
Event: 2014.261 GC heap before
{Heap before GC invocations=71 (full 2):
 par new generation   total 78656K, used 70013K [0x00000000c0000000, 0x00000000c5550000, 0x00000000d5550000)
  eden space 69952K, 100% used [0x00000000c0000000, 0x00000000c4450000, 0x00000000c4450000)
  from space 8704K,   0% used [0x00000000c4cd0000, 0x00000000c4cdf790, 0x00000000c5550000)
  to   space 8704K,   0% used [0x00000000c4450000, 0x00000000c4450000, 0x00000000c4cd0000)
 concurrent mark-sweep generation total 174784K, used 70796K [0x00000000d5550000, 0x00000000e0000000, 0x0000000100000000)
 Metaspace       used 53522K, capacity 56826K, committed 56908K, reserved 1095680K
  class space    used 8754K, capacity 9759K, committed 9832K, reserved 1048576K
Event: 2014.265 GC heap after
Heap after GC invocations=72 (full 2):
 par new generation   total 78656K, used 70K [0x00000000c0000000, 0x00000000c5550000, 0x00000000d5550000)
  eden space 69952K,   0% used [0x00000000c0000000, 0x00000000c0000000, 0x00000000c4450000)
  from space 8704K,   0% used [0x00000000c4450000, 0x00000000c4461a98, 0x00000000c4cd0000)
  to   space 8704K,   0% used [0x00000000c4cd0000, 0x00000000c4cd0000, 0x00000000c5550000)
 concurrent mark-sweep generation total 174784K, used 70796K [0x00000000d5550000, 0x00000000e0000000, 0x0000000100000000)
 Metaspace       used 53522K, capacity 56826K, committed 56908K, reserved 1095680K
  class space    used 8754K, capacity 9759K, committed 9832K, reserved 1048576K
}
Event: 2049.005 GC heap before
{Heap before GC invocations=72 (full 2):
 par new generation   total 78656K, used 70022K [0x00000000c0000000, 0x00000000c5550000, 0x00000000d5550000)
  eden space 69952K, 100% used [0x00000000c0000000, 0x00000000c4450000, 0x00000000c4450000)
  from space 8704K,   0% used [0x00000000c4450000, 0x00000000c4461a98, 0x00000000c4cd0000)
  to   space 8704K,   0% used [0x00000000c4cd0000, 0x00000000c4cd0000, 0x00000000c5550000)
 concurrent mark-sweep generation total 174784K, used 70796K [0x00000000d5550000, 0x00000000e0000000, 0x0000000100000000)
 Metaspace       used 53522K, capacity 56826K, committed 56908K, reserved 1095680K
  class space    used 8754K, capacity 9759K, committed 9832K, reserved 1048576K
Event: 2049.010 GC heap after
Heap after GC invocations=73 (full 2):
 par new generation   total 78656K, used 65K [0x00000000c0000000, 0x00000000c5550000, 0x00000000d5550000)
  eden space 69952K,   0% used [0x00000000c0000000, 0x00000000c0000000, 0x00000000c4450000)
  from space 8704K,   0% used [0x00000000c4cd0000, 0x00000000c4ce0420, 0x00000000c5550000)
  to   space 8704K,   0% used [0x00000000c4450000, 0x00000000c4450000, 0x00000000c4cd0000)
 concurrent mark-sweep generation total 174784K, used 70796K [0x00000000d5550000, 0x00000000e0000000, 0x0000000100000000)
 Metaspace       used 53522K, capacity 56826K, committed 56908K, reserved 1095680K
  class space    used 8754K, capacity 9759K, committed 9832K, reserved 1048576K
}
Event: 2083.807 GC heap before
{Heap before GC invocations=73 (full 2):
 par new generation   total 78656K, used 70017K [0x00000000c0000000, 0x00000000c5550000, 0x00000000d5550000)
  eden space 69952K, 100% used [0x00000000c0000000, 0x00000000c4450000, 0x00000000c4450000)
  from space 8704K,   0% used [0x00000000c4cd0000, 0x00000000c4ce0420, 0x00000000c5550000)
  to   space 8704K,   0% used [0x00000000c4450000, 0x00000000c4450000, 0x00000000c4cd0000)
 concurrent mark-sweep generation total 174784K, used 70796K [0x00000000d5550000, 0x00000000e0000000, 0x0000000100000000)
 Metaspace       used 53522K, capacity 56826K, committed 56908K, reserved 1095680K
  class space    used 8754K, capacity 9759K, committed 9832K, reserved 1048576K
Event: 2083.810 GC heap after
Heap after GC invocations=74 (full 2):
 par new generation   total 78656K, used 68K [0x00000000c0000000, 0x00000000c5550000, 0x00000000d5550000)
  eden space 69952K,   0% used [0x00000000c0000000, 0x00000000c0000000, 0x00000000c4450000)
  from space 8704K,   0% used [0x00000000c4450000, 0x00000000c44610b8, 0x00000000c4cd0000)
  to   space 8704K,   0% used [0x00000000c4cd0000, 0x00000000c4cd0000, 0x00000000c5550000)
 concurrent mark-sweep generation total 174784K, used 70797K [0x00000000d5550000, 0x00000000e0000000, 0x0000000100000000)
 Metaspace       used 53522K, capacity 56826K, committed 56908K, reserved 1095680K
  class space    used 8754K, capacity 9759K, committed 9832K, reserved 1048576K
}
Event: 2118.636 GC heap before
{Heap before GC invocations=74 (full 2):
 par new generation   total 78656K, used 70020K [0x00000000c0000000, 0x00000000c5550000, 0x00000000d5550000)
  eden space 69952K, 100% used [0x00000000c0000000, 0x00000000c4450000, 0x00000000c4450000)
  from space 8704K,   0% used [0x00000000c4450000, 0x00000000c44610b8, 0x00000000c4cd0000)
  to   space 8704K,   0% used [0x00000000c4cd0000, 0x00000000c4cd0000, 0x00000000c5550000)
 concurrent mark-sweep generation total 174784K, used 70797K [0x00000000d5550000, 0x00000000e0000000, 0x0000000100000000)
 Metaspace       used 53522K, capacity 56826K, committed 56908K, reserved 1095680K
  class space    used 8754K, capacity 9759K, committed 9832K, reserved 1048576K
Event: 2118.640 GC heap after
Heap after GC invocations=75 (full 2):
 par new generation   total 78656K, used 72K [0x00000000c0000000, 0x00000000c5550000, 0x00000000d5550000)
  eden space 69952K,   0% used [0x00000000c0000000, 0x00000000c0000000, 0x00000000c4450000)
  from space 8704K,   0% used [0x00000000c4cd0000, 0x00000000c4ce22b0, 0x00000000c5550000)
  to   space 8704K,   0% used [0x00000000c4450000, 0x00000000c4450000, 0x00000000c4cd0000)
 concurrent mark-sweep generation total 174784K, used 70797K [0x00000000d5550000, 0x00000000e0000000, 0x0000000100000000)
 Metaspace       used 53522K, capacity 56826K, committed 56908K, reserved 1095680K
  class space    used 8754K, capacity 9759K, committed 9832K, reserved 1048576K
}

